app/build/intermediates/manifest_merge_blame_file/debug/manifest-merger-blame-debug-report.txt
1<?xml version="1.0" encoding="utf-8"?>
2<manifest xmlns:android="http://schemas.android.com/apk/res/android"
3    package="com.matt.trikimedia"
4    android:versionCode="1"
5    android:versionName="1.0" >
6
7    <uses-sdk
8        android:minSdkVersion="15"
8-->src/main/AndroidManifest.xml
9        android:targetSdkVersion="26" />
9-->src/main/AndroidManifest.xml
10
11    <uses-permission android:name="android.permission.INTERNET" />
11-->src/main/AndroidManifest.xml:6:5-66
11-->src/main/AndroidManifest.xml:6:22-64
12    <uses-permission android:name="com.google.android.finsky.permission.BIND_GET_INSTALL_REFERRER_SERVICE" />
12-->[com.android.installreferrer:installreferrer:1.0] AndroidManifest.xml:9:5-110
12-->[com.android.installreferrer:installreferrer:1.0] AndroidManifest.xml:9:22-107
13
14    <application
14-->src/main/AndroidManifest.xml:8:5-41:19
15        android:name="com.matt.trikimedia.MyApplication"
15-->src/main/AndroidManifest.xml:9:9-38
16        android:allowBackup="true"
16-->src/main/AndroidManifest.xml:10:9-35
17        android:debuggable="true"
18        android:icon="@mipmap/ic_launcher"
18-->src/main/AndroidManifest.xml:11:9-43
19        android:label="@string/app_name"
19-->src/main/AndroidManifest.xml:12:9-41
20        android:roundIcon="@mipmap/ic_launcher_round"
20-->src/main/AndroidManifest.xml:13:9-54
21        android:supportsRtl="true"
21-->src/main/AndroidManifest.xml:14:9-35
22        android:testOnly="true"
23        android:theme="@style/AppTheme" >
23-->src/main/AndroidManifest.xml:15:9-40
24        <activity android:name="com.matt.trikimedia.MainActivity" >
24-->src/main/AndroidManifest.xml:16:9-22:20
24-->src/main/AndroidManifest.xml:16:19-47
25            <intent-filter>
25-->src/main/AndroidManifest.xml:17:13-21:29
26                <action android:name="android.intent.action.MAIN" />
26-->src/main/AndroidManifest.xml:18:17-69
26-->src/main/AndroidManifest.xml:18:25-66
27
28                <category android:name="android.intent.category.LAUNCHER" />
28-->src/main/AndroidManifest.xml:20:17-77
28-->src/main/AndroidManifest.xml:20:27-74
29            </intent-filter>
30        </activity>
31        <activity android:name="com.matt.trikimedia.AuthenticatedActivity" />
31-->src/main/AndroidManifest.xml:23:9-58
31-->src/main/AndroidManifest.xml:23:19-56
32
33        <meta-data
33-->src/main/AndroidManifest.xml:25:9-27:55
34            android:name="com.facebook.sdk.ApplicationId"
34-->src/main/AndroidManifest.xml:26:13-58
35            android:value="@string/facebook_app_id" />
35-->src/main/AndroidManifest.xml:27:13-52
36
37        <activity
37-->src/main/AndroidManifest.xml:28:9-33:45
38            android:name="com.facebook.FacebookActivity"
38-->src/main/AndroidManifest.xml:29:13-57
39            android:configChanges="keyboard|keyboardHidden|screenLayout|screenSize|orientation"
39-->src/main/AndroidManifest.xml:30:13-96
40            android:label="@string/app_name"
40-->src/main/AndroidManifest.xml:31:13-45
41            android:theme="@android:style/Theme.Translucent.NoTitleBar" />
41-->src/main/AndroidManifest.xml:32:13-72
42        <!-- If you're sharing links, images or video via the Facebook for Android app, you also need to declare the FacebookContentProvider in the manifest. -->
43        <!-- Append your app id to the end of the authorities value. For example if your Facebook app id is 1533993016893247 -->
44        <provider
44-->src/main/AndroidManifest.xml:36:9-39:39
45            android:name="com.facebook.FacebookContentProvider"
45-->src/main/AndroidManifest.xml:37:13-64
46            android:authorities="com.facebook.app.FacebookContentProvider495608067455933"
46-->src/main/AndroidManifest.xml:38:13-90
47            android:exported="true" />
47-->src/main/AndroidManifest.xml:39:13-36
48
49        <activity android:name="com.facebook.CustomTabMainActivity" />
49-->[com.facebook.android:facebook-common:5.15.3] AndroidManifest.xml:34:9-71
49-->[com.facebook.android:facebook-common:5.15.3] AndroidManifest.xml:34:19-68
50        <activity
50-->[com.facebook.android:facebook-common:5.15.3] AndroidManifest.xml:35:9-49:20
51            android:name="com.facebook.CustomTabActivity"
51-->[com.facebook.android:facebook-common:5.15.3] AndroidManifest.xml:36:13-58
52            android:exported="true" >
52-->[com.facebook.android:facebook-common:5.15.3] AndroidManifest.xml:37:13-36
53            <intent-filter>
53-->[com.facebook.android:facebook-common:5.15.3] AndroidManifest.xml:39:13-48:29
54                <action android:name="android.intent.action.VIEW" />
54-->[com.facebook.android:facebook-common:5.15.3] AndroidManifest.xml:40:17-69
54-->[com.facebook.android:facebook-common:5.15.3] AndroidManifest.xml:40:25-66
55
56                <category android:name="android.intent.category.DEFAULT" />
56-->[com.facebook.android:facebook-common:5.15.3] AndroidManifest.xml:42:17-76
56-->[com.facebook.android:facebook-common:5.15.3] AndroidManifest.xml:42:27-73
57                <category android:name="android.intent.category.BROWSABLE" />
57-->[com.facebook.android:facebook-common:5.15.3] AndroidManifest.xml:43:17-78
57-->[com.facebook.android:facebook-common:5.15.3] AndroidManifest.xml:43:27-75
58
59                <data
59-->[com.facebook.android:facebook-common:5.15.3] AndroidManifest.xml:45:17-47:50
60                    android:host="cct.com.matt.trikimedia"
60-->[com.facebook.android:facebook-common:5.15.3] AndroidManifest.xml:46:21-56
61                    android:scheme="fbconnect" />
61-->[com.facebook.android:facebook-common:5.15.3] AndroidManifest.xml:47:21-47
62            </intent-filter>
63        </activity>
64        <!--
65         The initialization ContentProvider will call FacebookSdk.sdkInitialize automatically
66         with the application context. This config is merged in with the host app's manifest,
67         but there can only be one provider with the same authority activated at any given
68         point; so if the end user has two or more different apps that use Facebook SDK, only the
69         first one will be able to use the provider. To work around this problem, we use the
70         following placeholder in the authority to identify each host application as if it was
71         a completely different provider.
72        -->
73        <provider
73-->[com.facebook.android:facebook-core:5.15.3] AndroidManifest.xml:39:9-42:40
74            android:name="com.facebook.internal.FacebookInitProvider"
74-->[com.facebook.android:facebook-core:5.15.3] AndroidManifest.xml:40:13-70
75            android:authorities="com.matt.trikimedia.FacebookInitProvider"
75-->[com.facebook.android:facebook-core:5.15.3] AndroidManifest.xml:41:13-72
76            android:exported="false" />
76-->[com.facebook.android:facebook-core:5.15.3] AndroidManifest.xml:42:13-37
77
78        <receiver
78-->[com.facebook.android:facebook-core:5.15.3] AndroidManifest.xml:44:9-50:20
79            android:name="com.facebook.CurrentAccessTokenExpirationBroadcastReceiver"
79-->[com.facebook.android:facebook-core:5.15.3] AndroidManifest.xml:45:13-86
80            android:exported="false" >
80-->[com.facebook.android:facebook-core:5.15.3] AndroidManifest.xml:46:13-37
81            <intent-filter>
81-->[com.facebook.android:facebook-core:5.15.3] AndroidManifest.xml:47:13-49:29
82                <action android:name="com.facebook.sdk.ACTION_CURRENT_ACCESS_TOKEN_CHANGED" />
82-->[com.facebook.android:facebook-core:5.15.3] AndroidManifest.xml:48:17-95
82-->[com.facebook.android:facebook-core:5.15.3] AndroidManifest.xml:48:25-92
83            </intent-filter>
84        </receiver>
85    </application>
86
87</manifest>